2013-12-11 02:12:09 [CLIENT] [INFO] Setting user: Player808
2013-12-11 02:12:10 [CLIENT] [INFO] LWJGL Version: 2.9.0
2013-12-11 02:12:10 [CLIENT] [INFO] Reloading ResourceManager: Default
2013-12-11 02:12:16 [CLIENT] [INFO] Reloading ResourceManager: Default, FMLFileResourcePack:Forge Mod Loader, FMLFileResourcePack:Minecraft Forge, FMLFileResourcePack:Runix
2013-12-11 02:12:17 [CLIENT] [INFO] Reloading ResourceManager: Default, FMLFileResourcePack:Forge Mod Loader, FMLFileResourcePack:Minecraft Forge, FMLFileResourcePack:Runix
2013-12-11 02:12:19 [CLIENT] [SEVERE] Realms: Invalid session id
2013-12-11 02:13:59 [CLIENT] [INFO] Stopping!
2013-12-11 13:13:21 [CLIENT] [INFO] Setting user: Player578
2013-12-11 13:13:23 [CLIENT] [INFO] LWJGL Version: 2.9.0
2013-12-11 13:13:24 [CLIENT] [INFO] Reloading ResourceManager: Default
2013-12-11 13:13:29 [CLIENT] [INFO] Reloading ResourceManager: Default, FMLFileResourcePack:Forge Mod Loader, FMLFileResourcePack:Minecraft Forge, FMLFileResourcePack:Runix
2013-12-11 13:14:46 [CLIENT] [INFO] Setting user: Player679
2013-12-11 13:14:47 [CLIENT] [INFO] LWJGL Version: 2.9.0
2013-12-11 13:14:48 [CLIENT] [INFO] Reloading ResourceManager: Default
2013-12-11 13:14:53 [CLIENT] [INFO] Reloading ResourceManager: Default, FMLFileResourcePack:Forge Mod Loader, FMLFileResourcePack:Minecraft Forge, FMLFileResourcePack:Runix
2013-12-11 13:14:54 [CLIENT] [INFO] Reloading ResourceManager: Default, FMLFileResourcePack:Forge Mod Loader, FMLFileResourcePack:Minecraft Forge, FMLFileResourcePack:Runix
2013-12-11 13:14:56 [CLIENT] [SEVERE] Realms: Invalid session id
2013-12-11 13:15:50 [CLIENT] [INFO] Stopping!
2014-01-04 17:01:09 [CLIENT] [INFO] Setting user: Player969
2014-01-04 17:01:11 [CLIENT] [INFO] LWJGL Version: 2.9.0
2014-01-04 17:01:13 [CLIENT] [INFO] Reloading ResourceManager: Default
2014-01-04 17:01:25 [CLIENT] [INFO] Reloading ResourceManager: Default, FMLFileResourcePack:Forge Mod Loader, FMLFileResourcePack:Minecraft Forge, FMLFileResourcePack:Runix
2014-01-04 17:01:26 [CLIENT] [INFO] Reloading ResourceManager: Default, FMLFileResourcePack:Forge Mod Loader, FMLFileResourcePack:Minecraft Forge, FMLFileResourcePack:Runix
2014-01-04 17:01:29 [CLIENT] [SEVERE] Realms: Invalid session id
2014-01-04 17:06:00 [CLIENT] [INFO] [CHAT] The Aether sees you activating a Waypoint facing UP at -276,70,84.
2014-01-04 17:07:35 [CLIENT] [INFO] [CHAT] The Aether sees you activating a Waypoint facing UP at -276,70,84.
2014-01-04 17:08:28 [CLIENT] [INFO] [CHAT] The Aether sees you activating a Waypoint facing UP at -276,70,84.
2014-01-04 17:08:53 [CLIENT] [INFO] Stopping!
2014-01-04 17:08:58 [CLIENT] [INFO] Setting user: Player86
2014-01-04 17:09:04 [CLIENT] [INFO] LWJGL Version: 2.9.0
2014-01-04 17:09:09 [CLIENT] [INFO] Reloading ResourceManager: Default
2014-01-04 17:09:26 [CLIENT] [INFO] Reloading ResourceManager: Default, FMLFileResourcePack:Forge Mod Loader, FMLFileResourcePack:Minecraft Forge, FMLFileResourcePack:Runix
2014-01-04 17:09:27 [CLIENT] [INFO] Reloading ResourceManager: Default, FMLFileResourcePack:Forge Mod Loader, FMLFileResourcePack:Minecraft Forge, FMLFileResourcePack:Runix
2014-01-04 17:09:28 [CLIENT] [SEVERE] Realms: Invalid session id
2014-01-04 17:40:06 [CLIENT] [INFO] Setting user: Player59
2014-01-04 17:40:09 [CLIENT] [INFO] LWJGL Version: 2.9.0
2014-01-04 17:40:10 [CLIENT] [INFO] Reloading ResourceManager: Default
2014-01-04 17:40:19 [CLIENT] [INFO] Reloading ResourceManager: Default, FMLFileResourcePack:Forge Mod Loader, FMLFileResourcePack:Minecraft Forge, FMLFileResourcePack:Runix
2014-01-04 17:40:20 [CLIENT] [INFO] Reloading ResourceManager: Default, FMLFileResourcePack:Forge Mod Loader, FMLFileResourcePack:Minecraft Forge, FMLFileResourcePack:Runix
2014-01-04 17:40:21 [CLIENT] [SEVERE] Realms: Invalid session id
2014-01-04 17:44:56 [CLIENT] [INFO] Setting user: Player2
2014-01-04 17:44:57 [CLIENT] [INFO] LWJGL Version: 2.9.0
2014-01-04 17:44:58 [CLIENT] [INFO] Reloading ResourceManager: Default
2014-01-04 17:45:00 [CLIENT] [INFO] Reloading ResourceManager: Default, FMLFileResourcePack:Forge Mod Loader, FMLFileResourcePack:Minecraft Forge, FMLFileResourcePack:Runix
2014-01-04 17:45:01 [CLIENT] [INFO] Reloading ResourceManager: Default, FMLFileResourcePack:Forge Mod Loader, FMLFileResourcePack:Minecraft Forge, FMLFileResourcePack:Runix
2014-01-04 17:45:02 [CLIENT] [SEVERE] Realms: Invalid session id
2014-01-04 17:45:09 [CLIENT] [INFO] [CHAT] The Aether sees you activating a generic persistent rune facing UP at -276,70,84.
2014-01-04 17:45:53 [CLIENT] [INFO] [CHAT] The Aether sees you activating a generic persistent rune facing UP at -276,70,84.
2014-01-04 17:45:58 [CLIENT] [INFO] [CHAT] The Aether sees you activating a generic persistent rune facing UP at -276,70,84.
2014-01-04 17:48:33 [CLIENT] [INFO] [CHAT] The Aether sees you activating a generic persistent rune facing UP at -276,70,84.
2014-01-04 17:48:35 [CLIENT] [INFO] [CHAT] Unknown command. Try /help for a list of commands
2014-01-04 17:48:37 [CLIENT] [INFO] Stopping!
2014-01-04 17:49:55 [CLIENT] [INFO] Setting user: Player722
2014-01-04 17:49:55 [CLIENT] [INFO] LWJGL Version: 2.9.0
2014-01-04 17:49:56 [CLIENT] [INFO] Reloading ResourceManager: Default
2014-01-04 17:49:58 [CLIENT] [INFO] Reloading ResourceManager: Default, FMLFileResourcePack:Forge Mod Loader, FMLFileResourcePack:Minecraft Forge, FMLFileResourcePack:Runix
2014-01-04 17:49:59 [CLIENT] [INFO] Reloading ResourceManager: Default, FMLFileResourcePack:Forge Mod Loader, FMLFileResourcePack:Minecraft Forge, FMLFileResourcePack:Runix
2014-01-04 17:50:00 [CLIENT] [SEVERE] Realms: Invalid session id
2014-01-04 17:50:07 [CLIENT] [INFO] [CHAT] The Aether sees you activating a generic persistent rune facing UP at -276,70,84.
2014-01-04 17:50:24 [CLIENT] [INFO] [CHAT] The Aether sees you activating a generic persistent rune facing UP at -276,70,84.
2014-01-04 17:51:27 [CLIENT] [INFO] [CHAT] The Aether sees you activating a generic persistent rune facing UP at -276,70,84.
2014-01-04 17:51:33 [CLIENT] [INFO] [CHAT] The Aether sees you activating a generic persistent rune facing UP at -276,70,84.
2014-01-04 17:51:33 [CLIENT] [INFO] [CHAT] The Aether sees you activating a generic persistent rune facing UP at -276,70,84.
2014-01-04 17:51:50 [CLIENT] [INFO] [CHAT] The Aether sees you activating a generic persistent rune facing UP at -276,70,84.
2014-01-04 17:51:55 [CLIENT] [INFO] [CHAT] The Aether sees you activating a generic persistent rune facing UP at -276,70,84.
2014-01-04 17:51:55 [CLIENT] [INFO] [CHAT] The Aether sees you activating a generic persistent rune facing UP at -276,70,84.
2014-01-04 17:51:57 [CLIENT] [INFO] [CHAT] The Aether sees you activating a generic persistent rune facing UP at -276,70,84.
2014-01-04 17:51:57 [CLIENT] [INFO] [CHAT] The Aether sees you activating a generic persistent rune facing UP at -276,70,84.
2014-01-04 17:51:57 [CLIENT] [INFO] [CHAT] The Aether sees you activating a generic persistent rune facing UP at -276,70,84.
2014-01-04 17:52:13 [CLIENT] [INFO] [CHAT] The Aether sees you activating a generic persistent rune facing UP at -276,70,84.
2014-01-04 17:52:31 [CLIENT] [INFO] [CHAT] The Aether sees you activating a generic persistent rune facing UP at -276,70,84.
2014-01-04 17:52:32 [CLIENT] [INFO] [CHAT] The Aether sees you activating a generic persistent rune facing UP at -276,70,84.
2014-01-04 17:53:24 [CLIENT] [INFO] [CHAT] Unknown command. Try /help for a list of commands
2014-01-04 17:53:29 [CLIENT] [INFO] [CHAT] The Aether sees you activating a generic persistent rune facing UP at -276,70,84.
2014-01-04 17:53:43 [CLIENT] [INFO] Stopping!
2014-01-04 17:53:51 [CLIENT] [INFO] Setting user: Player371
2014-01-04 17:53:53 [CLIENT] [INFO] LWJGL Version: 2.9.0
2014-01-04 17:53:55 [CLIENT] [INFO] Reloading ResourceManager: Default
2014-01-04 17:54:05 [CLIENT] [INFO] Reloading ResourceManager: Default, FMLFileResourcePack:Forge Mod Loader, FMLFileResourcePack:Minecraft Forge, FMLFileResourcePack:Runix
2014-01-04 17:54:06 [CLIENT] [INFO] Reloading ResourceManager: Default, FMLFileResourcePack:Forge Mod Loader, FMLFileResourcePack:Minecraft Forge, FMLFileResourcePack:Runix
2014-01-04 17:54:07 [CLIENT] [SEVERE] Realms: Invalid session id
2014-01-04 17:54:17 [CLIENT] [INFO] [CHAT] The Aether sees you activating a generic persistent rune facing UP at -276,70,84.
2014-01-04 17:54:42 [CLIENT] [INFO] [CHAT] The Aether sees you activating a generic persistent rune facing UP at -276,70,84.
2014-01-04 17:55:22 [CLIENT] [INFO] [CHAT] The Aether sees you activating a generic persistent rune facing UP at -276,70,84.
2014-01-04 17:55:32 [CLIENT] [INFO] [CHAT] The Aether sees you activating a generic persistent rune facing UP at -276,70,84.
2014-01-04 17:55:38 [CLIENT] [INFO] [CHAT] The Aether sees you activating a generic persistent rune facing UP at -276,70,84.
2014-01-04 17:55:39 [CLIENT] [INFO] [CHAT] The Aether sees you activating a generic persistent rune facing UP at -276,70,84.
2014-01-04 17:55:54 [CLIENT] [INFO] [CHAT] The Aether sees you activating a generic persistent rune facing UP at -276,70,84.
2014-01-04 17:55:54 [CLIENT] [INFO] [CHAT] The Aether sees you activating a generic persistent rune facing UP at -276,70,84.
2014-01-04 17:55:54 [CLIENT] [INFO] [CHAT] The Aether sees you activating a generic persistent rune facing UP at -276,70,84.
2014-01-04 17:55:55 [CLIENT] [INFO] [CHAT] The Aether sees you activating a generic persistent rune facing UP at -276,70,84.
2014-01-04 17:55:55 [CLIENT] [INFO] [CHAT] The Aether sees you activating a generic persistent rune facing UP at -276,70,84.
2014-01-04 17:59:22 [CLIENT] [INFO] [CHAT] The Aether sees you activating a generic persistent rune facing UP at -276,70,84.
2014-01-04 17:59:26 [CLIENT] [INFO] [CHAT] The Aether sees you activating a generic persistent rune facing UP at -276,70,84.
2014-01-04 18:02:54 [CLIENT] [INFO] Stopping!
2014-01-04 18:03:00 [CLIENT] [INFO] Setting user: Player648
2014-01-04 18:03:03 [CLIENT] [INFO] LWJGL Version: 2.9.0
2014-01-04 18:03:05 [CLIENT] [INFO] Reloading ResourceManager: Default
2014-01-04 18:03:14 [CLIENT] [INFO] Reloading ResourceManager: Default, FMLFileResourcePack:Forge Mod Loader, FMLFileResourcePack:Minecraft Forge, FMLFileResourcePack:Runix
2014-01-04 18:03:16 [CLIENT] [INFO] Reloading ResourceManager: Default, FMLFileResourcePack:Forge Mod Loader, FMLFileResourcePack:Minecraft Forge, FMLFileResourcePack:Runix
2014-01-04 18:03:17 [CLIENT] [SEVERE] Realms: Invalid session id
2014-01-04 18:06:02 [CLIENT] [INFO] [CHAT] The Aether sees you activating a Waypoint facing UP at -276,70,84.
2014-01-04 18:06:03 [CLIENT] [INFO] [CHAT] The Aether sees you activating a Waypoint facing UP at -276,70,84.
2014-01-04 18:06:03 [CLIENT] [INFO] [CHAT] The Aether sees you activating a Waypoint facing UP at -276,70,84.
2014-01-04 18:06:03 [CLIENT] [INFO] [CHAT] The Aether sees you activating a Waypoint facing UP at -276,70,84.
2014-01-04 18:09:09 [CLIENT] [INFO] Stopping!
2014-01-04 18:09:14 [CLIENT] [INFO] Setting user: Player287
2014-01-04 18:09:16 [CLIENT] [INFO] LWJGL Version: 2.9.0
2014-01-04 18:09:17 [CLIENT] [INFO] Reloading ResourceManager: Default
2014-01-04 18:09:31 [CLIENT] [INFO] Reloading ResourceManager: Default, FMLFileResourcePack:Forge Mod Loader, FMLFileResourcePack:Minecraft Forge, FMLFileResourcePack:Runix
2014-01-04 18:09:32 [CLIENT] [INFO] Reloading ResourceManager: Default, FMLFileResourcePack:Forge Mod Loader, FMLFileResourcePack:Minecraft Forge, FMLFileResourcePack:Runix
2014-01-04 18:09:35 [CLIENT] [SEVERE] Realms: Invalid session id
2014-01-04 18:09:58 [CLIENT] [INFO] [CHAT] The Aether sees you activating a Waypoint facing UP at -276,70,84.
2014-01-04 18:09:58 [CLIENT] [INFO] [CHAT] The Aether sees you activating a Waypoint facing UP at -276,70,84.
2014-01-04 18:09:58 [CLIENT] [INFO] [CHAT] The Aether sees you activating a Waypoint facing UP at -276,70,84.
2014-01-04 18:09:58 [CLIENT] [INFO] [CHAT] The Aether sees you activating a Waypoint facing UP at -276,70,84.
2014-01-04 18:12:58 [CLIENT] [INFO] Stopping!
